Determining if the pthread_create exist failed with the following output:
Change Dir: /home/aauship/aauship-formation/code/hli/ros/build/CMakeFiles/CMakeTmp

Run Build Command:/usr/bin/make "cmTryCompileExec2913295526/fast"
/usr/bin/make -f CMakeFiles/cmTryCompileExec2913295526.dir/build.make CMakeFiles/cmTryCompileExec2913295526.dir/build
make[1]: Entering directory `/home/aauship/aauship-formation/code/hli/ros/build/CMakeFiles/CMakeTmp'
/usr/bin/cmake -E cmake_progress_report /home/aauship/aauship-formation/code/hli/ros/build/CMakeFiles/CMakeTmp/CMakeFiles 1
Building C object CMakeFiles/cmTryCompileExec2913295526.dir/CheckSymbolExists.c.o
/usr/bin/cc    -o CMakeFiles/cmTryCompileExec2913295526.dir/CheckSymbolExists.c.o   -c /home/aauship/aauship-formation/code/hli/ros/build/CMakeFiles/CMakeTmp/CheckSymbolExists.c
Linking C executable cmTryCompileExec2913295526
/usr/bin/cmake -E cmake_link_script CMakeFiles/cmTryCompileExec2913295526.dir/link.txt --verbose=1
/usr/bin/cc       CMakeFiles/cmTryCompileExec2913295526.dir/CheckSymbolExists.c.o  -o cmTryCompileExec2913295526 -rdynamic 
CMakeFiles/cmTryCompileExec2913295526.dir/CheckSymbolExists.c.o: In function `main':
CheckSymbolExists.c:(.text+0xa): undefined reference to `pthread_create'
collect2: error: ld returned 1 exit status
make[1]: *** [cmTryCompileExec2913295526] Error 1
make[1]: Leaving directory `/home/aauship/aauship-formation/code/hli/ros/build/CMakeFiles/CMakeTmp'
make: *** [cmTryCompileExec2913295526/fast] Error 2

File /home/aauship/aauship-formation/code/hli/ros/build/CMakeFiles/CMakeTmp/CheckSymbolExists.c:
/* */
#include <pthread.h>

int main(int argc, char** argv)
{
  (void)argv;
#ifndef pthread_create
  return ((int*)(&pthread_create))[argc];
#else
  (void)argc;
  return 0;
#endif
}

Determining if the function pthread_create exists in the pthreads failed with the following output:
Change Dir: /home/aauship/aauship-formation/code/hli/ros/build/CMakeFiles/CMakeTmp

Run Build Command:/usr/bin/make "cmTryCompileExec3389926746/fast"
/usr/bin/make -f CMakeFiles/cmTryCompileExec3389926746.dir/build.make CMakeFiles/cmTryCompileExec3389926746.dir/build
make[1]: Entering directory `/home/aauship/aauship-formation/code/hli/ros/build/CMakeFiles/CMakeTmp'
/usr/bin/cmake -E cmake_progress_report /home/aauship/aauship-formation/code/hli/ros/build/CMakeFiles/CMakeTmp/CMakeFiles 1
Building C object CMakeFiles/cmTryCompileExec3389926746.dir/CheckFunctionExists.c.o
/usr/bin/cc   -DCHECK_FUNCTION_EXISTS=pthread_create   -o CMakeFiles/cmTryCompileExec3389926746.dir/CheckFunctionExists.c.o   -c /usr/share/cmake-2.8/Modules/CheckFunctionExists.c
Linking C executable cmTryCompileExec3389926746
/usr/bin/cmake -E cmake_link_script CMakeFiles/cmTryCompileExec3389926746.dir/link.txt --verbose=1
/usr/bin/cc   -DCHECK_FUNCTION_EXISTS=pthread_create    CMakeFiles/cmTryCompileExec3389926746.dir/CheckFunctionExists.c.o  -o cmTryCompileExec3389926746 -rdynamic -lpthreads 
/usr/bin/ld: cannot find -lpthreads
collect2: error: ld returned 1 exit status
make[1]: *** [cmTryCompileExec3389926746] Error 1
make[1]: Leaving directory `/home/aauship/aauship-formation/code/hli/ros/build/CMakeFiles/CMakeTmp'
make: *** [cmTryCompileExec3389926746/fast] Error 2


